# JRE version: OpenJDK Runtime Environment Temurin-17.0.11+9 (17.0.11+9) (build 17.0.11+9)
# Java VM: OpenJDK 64-Bit Server VM Temurin-17.0.11+9 (17.0.11+9, mixed mode, emulated-client, tiered, compressed oops, compressed class ptrs, g1 gc, windows-amd64)
GC Precious Log:
 CPUs: 4 total, 4 available
 Memory: 15791M
 Large Page Support: Disabled
 NUMA Support: Disabled
 Compressed Oops: Enabled (32-bit)
 Heap Region Size: 1M
 Heap Min Capacity: 8M
 Heap Initial Capacity: 248M
 Heap Max Capacity: 1G
 Pre-touch: Disabled
 Parallel Workers: 4
 Concurrent Workers: 1
 Concurrent Refinement Workers: 4
 Periodic GC: Disabled
Heap:
 garbage-first heap   total 81920K, used 30558K [0x00000000c0000000, 0x0000000100000000)
  region size 1024K, 1 young (1024K), 0 survivors (0K)
 Metaspace       used 61079K, committed 61504K, reserved 1114112K
  class space    used 7428K, committed 7616K, reserved 1048576K
GC Heap History (20 events):
Event: 17266.382 GC heap before
{Heap before GC invocations=1433 (full 1413):
 garbage-first heap   total 81920K, used 30558K [0x00000000c0000000, 0x0000000100000000)
  region size 1024K, 1 young (1024K), 0 survivors (0K)
 Metaspace       used 61079K, committed 61504K, reserved 1114112K
  class space    used 7428K, committed 7616K, reserved 1048576K
}
Event: 17266.435 GC heap after
{Heap after GC invocations=1434 (full 1414):
 garbage-first heap   total 81920K, used 30558K [0x00000000c0000000, 0x0000000100000000)
  region size 1024K, 0 young (0K), 0 survivors (0K)
 Metaspace       used 61079K, committed 61504K, reserved 1114112K
  class space    used 7428K, committed 7616K, reserved 1048576K
}
Event: 17276.786 GC heap before
{Heap before GC invocations=1434 (full 1414):
 garbage-first heap   total 81920K, used 30558K [0x00000000c0000000, 0x0000000100000000)
  region size 1024K, 1 young (1024K), 0 survivors (0K)
 Metaspace       used 61079K, committed 61504K, reserved 1114112K
  class space    used 7428K, committed 7616K, reserved 1048576K
}
Event: 17276.829 GC heap after
{Heap after GC invocations=1435 (full 1415):
 garbage-first heap   total 81920K, used 30558K [0x00000000c0000000, 0x0000000100000000)
  region size 1024K, 0 young (0K), 0 survivors (0K)
 Metaspace       used 61079K, committed 61504K, reserved 1114112K
  class space    used 7428K, committed 7616K, reserved 1048576K
}
Event: 17287.076 GC heap before
{Heap before GC invocations=1435 (full 1415):
 garbage-first heap   total 81920K, used 30558K [0x00000000c0000000, 0x0000000100000000)
  region size 1024K, 1 young (1024K), 0 survivors (0K)
 Metaspace       used 61079K, committed 61504K, reserved 1114112K
  class space    used 7428K, committed 7616K, reserved 1048576K
}
Event: 17287.119 GC heap after
{Heap after GC invocations=1436 (full 1416):
 garbage-first heap   total 81920K, used 30558K [0x00000000c0000000, 0x0000000100000000)
  region size 1024K, 0 young (0K), 0 survivors (0K)
 Metaspace       used 61079K, committed 61504K, reserved 1114112K
  class space    used 7428K, committed 7616K, reserved 1048576K
}
Event: 17297.287 GC heap before
{Heap before GC invocations=1436 (full 1416):
 garbage-first heap   total 81920K, used 30558K [0x00000000c0000000, 0x0000000100000000)
  region size 1024K, 1 young (1024K), 0 survivors (0K)
 Metaspace       used 61079K, committed 61504K, reserved 1114112K
  class space    used 7428K, committed 7616K, reserved 1048576K
}
Event: 17297.323 GC heap after
{Heap after GC invocations=1437 (full 1417):
 garbage-first heap   total 81920K, used 30558K [0x00000000c0000000, 0x0000000100000000)
  region size 1024K, 0 young (0K), 0 survivors (0K)
 Metaspace       used 61079K, committed 61504K, reserved 1114112K
  class space    used 7428K, committed 7616K, reserved 1048576K
}
Event: 17307.521 GC heap before
{Heap before GC invocations=1437 (full 1417):
 garbage-first heap   total 81920K, used 30558K [0x00000000c0000000, 0x0000000100000000)
  region size 1024K, 1 young (1024K), 0 survivors (0K)
 Metaspace       used 61079K, committed 61504K, reserved 1114112K
  class space    used 7428K, committed 7616K, reserved 1048576K
}
Event: 17307.557 GC heap after
{Heap after GC invocations=1438 (full 1418):
 garbage-first heap   total 81920K, used 30558K [0x00000000c0000000, 0x0000000100000000)
  region size 1024K, 0 young (0K), 0 survivors (0K)
 Metaspace       used 61079K, committed 61504K, reserved 1114112K
  class space    used 7428K, committed 7616K, reserved 1048576K
}
Event: 17317.746 GC heap before
{Heap before GC invocations=1438 (full 1418):
 garbage-first heap   total 81920K, used 30558K [0x00000000c0000000, 0x0000000100000000)
  region size 1024K, 1 young (1024K), 0 survivors (0K)
 Metaspace       used 61079K, committed 61504K, reserved 1114112K
  class space    used 7428K, committed 7616K, reserved 1048576K
}
Event: 17317.784 GC heap after
{Heap after GC invocations=1439 (full 1419):
 garbage-first heap   total 81920K, used 30558K [0x00000000c0000000, 0x0000000100000000)
  region size 1024K, 0 young (0K), 0 survivors (0K)
 Metaspace       used 61079K, committed 61504K, reserved 1114112K
  class space    used 7428K, committed 7616K, reserved 1048576K
}
Event: 17327.978 GC heap before
{Heap before GC invocations=1439 (full 1419):
 garbage-first heap   total 81920K, used 30558K [0x00000000c0000000, 0x0000000100000000)
  region size 1024K, 1 young (1024K), 0 survivors (0K)
 Metaspace       used 61079K, committed 61504K, reserved 1114112K
  class space    used 7428K, committed 7616K, reserved 1048576K
}
Event: 17328.019 GC heap after
{Heap after GC invocations=1440 (full 1420):
 garbage-first heap   total 81920K, used 30558K [0x00000000c0000000, 0x0000000100000000)
  region size 1024K, 0 young (0K), 0 survivors (0K)
 Metaspace       used 61079K, committed 61504K, reserved 1114112K
  class space    used 7428K, committed 7616K, reserved 1048576K
}
Event: 17338.208 GC heap before
{Heap before GC invocations=1440 (full 1420):
 garbage-first heap   total 81920K, used 30558K [0x00000000c0000000, 0x0000000100000000)
  region size 1024K, 1 young (1024K), 0 survivors (0K)
 Metaspace       used 61079K, committed 61504K, reserved 1114112K
  class space    used 7428K, committed 7616K, reserved 1048576K
}
Event: 17338.252 GC heap after
{Heap after GC invocations=1441 (full 1421):
 garbage-first heap   total 81920K, used 30558K [0x00000000c0000000, 0x0000000100000000)
  region size 1024K, 0 young (0K), 0 survivors (0K)
 Metaspace       used 61079K, committed 61504K, reserved 1114112K
  class space    used 7428K, committed 7616K, reserved 1048576K
}
Event: 17348.472 GC heap before
{Heap before GC invocations=1441 (full 1421):
 garbage-first heap   total 81920K, used 30558K [0x00000000c0000000, 0x0000000100000000)
  region size 1024K, 1 young (1024K), 0 survivors (0K)
 Metaspace       used 61079K, committed 61504K, reserved 1114112K
  class space    used 7428K, committed 7616K, reserved 1048576K
}
Event: 17348.514 GC heap after
{Heap after GC invocations=1442 (full 1422):
 garbage-first heap   total 81920K, used 30558K [0x00000000c0000000, 0x0000000100000000)
  region size 1024K, 0 young (0K), 0 survivors (0K)
 Metaspace       used 61079K, committed 61504K, reserved 1114112K
  class space    used 7428K, committed 7616K, reserved 1048576K
}
Event: 17358.701 GC heap before
{Heap before GC invocations=1442 (full 1422):
 garbage-first heap   total 81920K, used 30558K [0x00000000c0000000, 0x0000000100000000)
  region size 1024K, 1 young (1024K), 0 survivors (0K)
 Metaspace       used 61079K, committed 61504K, reserved 1114112K
  class space    used 7428K, committed 7616K, reserved 1048576K
}
Event: 17358.748 GC heap after
{Heap after GC invocations=1443 (full 1423):
 garbage-first heap   total 81920K, used 30558K [0x00000000c0000000, 0x0000000100000000)
  region size 1024K, 0 young (0K), 0 survivors (0K)
 Metaspace       used 61079K, committed 61504K, reserved 1114112K
  class space    used 7428K, committed 7616K, reserved 1048576K
}

